<?xml version="1.0" encoding="UTF-8"?>
<!-- Generated by org.testng.reporters.JUnitXMLReporter -->
<testsuite ignored="0" hostname="Nasrins-MacBook-Pro.local" failures="2" tests="2" name="Test" time="35.707" errors="0" timestamp="2024-09-29T13:24:09 EDT">
  <testcase classname="testCases.AccountRegistrationTest" name="validateAccountRegistration" time="3.709">
    <failure type="java.lang.AssertionError" message="expected:&amp;lt;Your Account Has Been Created!&amp;gt; but was:&amp;lt;Your Account Has Been Created!!&amp;gt;">
      <![CDATA[java.lang.AssertionError: expected:<Your Account Has Been Created!> but was:<Your Account Has Been Created!!>
at testCases.AccountRegistrationTest.validateAccountRegistration(AccountRegistrationTest.java:83)
at java.base/java.util.ArrayList.forEach(ArrayList.java:1511)
... Removed 29 stack frames]]>
    </failure>
  </testcase> <!-- validateAccountRegistration -->
  <testcase classname="testCases.LoginTest" name="validateLogin" time="20.073">
    <failure type="java.lang.AssertionError" message="Login Failed expected [true] but found [false]">
      <![CDATA[java.lang.AssertionError: Login Failed expected [true] but found [false]
at testCases.LoginTest.validateLogin(LoginTest.java:74)
at java.base/java.util.ArrayList.forEach(ArrayList.java:1511)
... Removed 32 stack frames]]>
    </failure>
  </testcase> <!-- validateLogin -->
</testsuite> <!-- Test -->
