<?xml version="1.0" encoding="UTF-8"?>
<testng-results ignored="0" total="2" passed="2" failed="0" skipped="0">
  <reporter-output>
  </reporter-output>
  <suite started-at="2024-09-29T13:25:35 EDT" name="Failed suite [Suite]" finished-at="2024-09-29T13:25:55 EDT" duration-ms="19330">
    <groups>
      <group name="Master">
        <method signature="AccountRegistrationTest.validateAccountRegistration()[pri:0, instance:testCases.AccountRegistrationTest@72bd06ca]" name="validateAccountRegistration" class="testCases.AccountRegistrationTest"/>
        <method signature="LoginTest.validateLogin()[pri:0, instance:testCases.LoginTest@119f1f2a]" name="validateLogin" class="testCases.LoginTest"/>
      </group> <!-- Master -->
      <group name="Sanity">
        <method signature="AccountRegistrationTest.validateAccountRegistration()[pri:0, instance:testCases.AccountRegistrationTest@72bd06ca]" name="validateAccountRegistration" class="testCases.AccountRegistrationTest"/>
      </group> <!-- Sanity -->
      <group name="Regression">
        <method signature="LoginTest.validateLogin()[pri:0, instance:testCases.LoginTest@119f1f2a]" name="validateLogin" class="testCases.LoginTest"/>
      </group> <!-- Regression -->
    </groups>
    <test started-at="2024-09-29T13:25:35 EDT" name="Test(failed)" finished-at="2024-09-29T13:25:55 EDT" duration-ms="19330">
      <class name="testCases.LoginTest">
        <test-method is-config="true" signature="setup(java.lang.String,java.lang.String)[pri:0, instance:testCases.LoginTest@119f1f2a]" started-at="2024-09-29T13:25:46 EDT" name="setup" finished-at="2024-09-29T13:25:52 EDT" duration-ms="6221" status="PASS">
          <params>
            <param index="0">
              <value>
                <![CDATA[Windows]]>
              </value>
            </param>
            <param index="1">
              <value>
                <![CDATA[chrome]]>
              </value>
            </param>
          </params>
          <reporter-output>
          </reporter-output>
        </test-method> <!-- setup -->
        <test-method signature="validateLogin()[pri:0, instance:testCases.LoginTest@119f1f2a]" started-at="2024-09-29T13:25:52 EDT" name="validateLogin" finished-at="2024-09-29T13:25:54 EDT" duration-ms="2269" status="PASS">
          <reporter-output>
          </reporter-output>
        </test-method> <!-- validateLogin -->
        <test-method is-config="true" signature="tearDown()[pri:0, instance:testCases.LoginTest@119f1f2a]" started-at="2024-09-29T13:25:54 EDT" name="tearDown" finished-at="2024-09-29T13:25:55 EDT" duration-ms="220" status="PASS">
          <reporter-output>
          </reporter-output>
        </test-method> <!-- tearDown -->
      </class> <!-- testCases.LoginTest -->
      <class name="testCases.AccountRegistrationTest">
        <test-method is-config="true" signature="setup(java.lang.String,java.lang.String)[pri:0, instance:testCases.AccountRegistrationTest@72bd06ca]" started-at="2024-09-29T13:25:36 EDT" name="setup" finished-at="2024-09-29T13:25:42 EDT" duration-ms="6598" status="PASS">
          <params>
            <param index="0">
              <value>
                <![CDATA[Windows]]>
              </value>
            </param>
            <param index="1">
              <value>
                <![CDATA[chrome]]>
              </value>
            </param>
          </params>
          <reporter-output>
          </reporter-output>
        </test-method> <!-- setup -->
        <test-method signature="validateAccountRegistration()[pri:0, instance:testCases.AccountRegistrationTest@72bd06ca]" started-at="2024-09-29T13:25:42 EDT" name="validateAccountRegistration" finished-at="2024-09-29T13:25:46 EDT" duration-ms="3452" status="PASS">
          <reporter-output>
          </reporter-output>
        </test-method> <!-- validateAccountRegistration -->
        <test-method is-config="true" signature="tearDown()[pri:0, instance:testCases.AccountRegistrationTest@72bd06ca]" started-at="2024-09-29T13:25:46 EDT" name="tearDown" finished-at="2024-09-29T13:25:46 EDT" duration-ms="222" status="PASS">
          <reporter-output>
          </reporter-output>
        </test-method> <!-- tearDown -->
      </class> <!-- testCases.AccountRegistrationTest -->
    </test> <!-- Test(failed) -->
  </suite> <!-- Failed suite [Suite] -->
</testng-results>
